2023-04-06 09:39:20,338 INFO [root] [api_data.py(haier_data:19)] - 获取haier数据
2023-04-06 09:39:20,402 INFO [root] [api_data.py(haier_data:19)] - 获取haier数据
2023-04-06 09:39:20,446 INFO [root] [api_data.py(haier_data:19)] - 获取haier数据
2023-04-06 09:39:20,457 INFO [root] [api_data.py(haier_data:19)] - 获取haier数据
2023-04-06 09:39:20,460 INFO [root] [api_data.py(haier_data:19)] - 获取haier数据
2023-04-06 09:39:20,495 INFO [root] [api_data.py(haier_data:19)] - 获取haier数据
2023-04-06 09:39:20,544 INFO [root] [api_data.py(haier_data:19)] - 获取haier数据
2023-04-06 09:39:20,622 INFO [root] [api_data.py(haier_data:19)] - 获取haier数据
2023-04-06 09:39:22,501 INFO [root] [api_data.py(leader_data:25)] - 获取leader数据
2023-04-06 09:39:22,916 INFO [root] [api_data.py(leader_data:25)] - 获取leader数据
2023-04-06 09:39:22,932 INFO [root] [api_data.py(leader_data:25)] - 获取leader数据
2023-04-06 09:39:22,938 INFO [root] [api_data.py(leader_data:25)] - 获取leader数据
2023-04-06 09:39:22,972 INFO [root] [api_data.py(leader_data:25)] - 获取leader数据
2023-04-06 09:39:22,984 INFO [root] [api_data.py(leader_data:25)] - 获取leader数据
2023-04-06 09:39:22,987 INFO [root] [api_data.py(leader_data:25)] - 获取leader数据
2023-04-06 09:39:22,994 INFO [root] [api_data.py(leader_data:25)] - 获取leader数据
2023-04-06 09:39:23,126 INFO [root] [api_data.py(casarte_data:31)] - 获取casarte数据
2023-04-06 09:39:23,478 INFO [root] [api_data.py(casarte_data:31)] - 获取casarte数据
2023-04-06 09:39:23,496 INFO [root] [api_data.py(casarte_data:31)] - 获取casarte数据
2023-04-06 09:39:23,514 INFO [root] [api_data.py(geappliances_data:37)] - 获取geappliances数据
2023-04-06 09:39:23,519 INFO [root] [api_data.py(casarte_data:31)] - 获取casarte数据
2023-04-06 09:39:23,531 INFO [root] [api_data.py(casarte_data:31)] - 获取casarte数据
2023-04-06 09:39:23,532 INFO [root] [api_data.py(casarte_data:31)] - 获取casarte数据
2023-04-06 09:39:23,535 INFO [root] [api_data.py(casarte_data:31)] - 获取casarte数据
2023-04-06 09:39:23,550 INFO [root] [api_data.py(casarte_data:31)] - 获取casarte数据
2023-04-06 09:39:23,710 INFO [root] [api_data.py(geappliances_data:37)] - 获取geappliances数据
2023-04-06 09:39:23,731 INFO [root] [api_data.py(geappliances_data:37)] - 获取geappliances数据
2023-04-06 09:39:23,731 INFO [root] [api_data.py(geappliances_data:37)] - 获取geappliances数据
2023-04-06 09:39:23,732 INFO [root] [api_data.py(geappliances_data:37)] - 获取geappliances数据
2023-04-06 09:39:23,742 INFO [root] [api_data.py(geappliances_data:37)] - 获取geappliances数据
2023-04-06 09:39:23,752 INFO [root] [api_data.py(geappliances_data:37)] - 获取geappliances数据
2023-04-06 09:39:23,783 INFO [root] [api_data.py(geappliances_data:37)] - 获取geappliances数据
2023-04-06 09:39:23,986 INFO [root] [api_data.py(haierschool_data:43)] - 获取haierschool数据
2023-04-06 09:39:24,226 INFO [root] [api_data.py(haierschool_data:43)] - 获取haierschool数据
2023-04-06 09:39:24,261 INFO [root] [api_data.py(haierschool_data:43)] - 获取haierschool数据
2023-04-06 09:39:24,279 INFO [root] [api_data.py(haierschool_data:43)] - 获取haierschool数据
2023-04-06 09:39:24,281 INFO [root] [api_data.py(haierschool_data:43)] - 获取haierschool数据
2023-04-06 09:39:24,282 INFO [root] [api_data.py(haierschool_data:43)] - 获取haierschool数据
2023-04-06 09:39:24,285 INFO [root] [api_data.py(haierschool_data:43)] - 获取haierschool数据
2023-04-06 09:39:24,323 INFO [root] [api_data.py(haierschool_data:43)] - 获取haierschool数据
2023-04-06 09:46:33,367 INFO [root] [api_data.py(haier_data:19)] - 获取haier数据
2023-04-06 09:46:33,454 INFO [root] [api_data.py(haier_data:19)] - 获取haier数据
2023-04-06 09:46:33,470 INFO [root] [api_data.py(haier_data:19)] - 获取haier数据
2023-04-06 09:46:33,494 INFO [root] [api_data.py(haier_data:19)] - 获取haier数据
2023-04-06 09:46:33,495 INFO [root] [api_data.py(haier_data:19)] - 获取haier数据
2023-04-06 09:46:33,495 INFO [root] [api_data.py(haier_data:19)] - 获取haier数据
2023-04-06 09:46:33,512 INFO [root] [api_data.py(haier_data:19)] - 获取haier数据
2023-04-06 09:46:33,514 INFO [root] [api_data.py(haier_data:19)] - 获取haier数据
2023-04-06 09:46:34,966 INFO [root] [api_data.py(leader_data:25)] - 获取leader数据
2023-04-06 09:46:34,994 INFO [root] [api_data.py(leader_data:25)] - 获取leader数据
2023-04-06 09:46:35,000 INFO [root] [api_data.py(leader_data:25)] - 获取leader数据
2023-04-06 09:46:35,004 INFO [root] [api_data.py(leader_data:25)] - 获取leader数据
2023-04-06 09:46:35,006 INFO [root] [api_data.py(leader_data:25)] - 获取leader数据
2023-04-06 09:46:35,014 INFO [root] [api_data.py(leader_data:25)] - 获取leader数据
2023-04-06 09:46:35,016 INFO [root] [api_data.py(leader_data:25)] - 获取leader数据
2023-04-06 09:46:35,029 INFO [root] [api_data.py(leader_data:25)] - 获取leader数据
2023-04-06 09:46:35,552 INFO [root] [api_data.py(casarte_data:31)] - 获取casarte数据
2023-04-06 09:46:35,588 INFO [root] [api_data.py(casarte_data:31)] - 获取casarte数据
2023-04-06 09:46:35,590 INFO [root] [api_data.py(casarte_data:31)] - 获取casarte数据
2023-04-06 09:46:35,598 INFO [root] [api_data.py(casarte_data:31)] - 获取casarte数据
2023-04-06 09:46:35,601 INFO [root] [api_data.py(casarte_data:31)] - 获取casarte数据
2023-04-06 09:46:35,621 INFO [root] [api_data.py(casarte_data:31)] - 获取casarte数据
2023-04-06 09:46:35,629 INFO [root] [api_data.py(casarte_data:31)] - 获取casarte数据
2023-04-06 09:46:35,645 INFO [root] [api_data.py(casarte_data:31)] - 获取casarte数据
2023-04-06 09:46:35,729 INFO [root] [api_data.py(geappliances_data:37)] - 获取geappliances数据
2023-04-06 09:46:35,729 INFO [root] [api_data.py(geappliances_data:37)] - 获取geappliances数据
2023-04-06 09:46:35,765 INFO [root] [api_data.py(geappliances_data:37)] - 获取geappliances数据
2023-04-06 09:46:35,775 INFO [root] [api_data.py(geappliances_data:37)] - 获取geappliances数据
2023-04-06 09:46:35,775 INFO [root] [api_data.py(geappliances_data:37)] - 获取geappliances数据
2023-04-06 09:46:35,787 INFO [root] [api_data.py(geappliances_data:37)] - 获取geappliances数据
2023-04-06 09:46:35,817 INFO [root] [api_data.py(geappliances_data:37)] - 获取geappliances数据
2023-04-06 09:46:35,827 INFO [root] [api_data.py(geappliances_data:37)] - 获取geappliances数据
2023-04-06 09:46:36,211 INFO [root] [api_data.py(haierschool_data:43)] - 获取haierschool数据
2023-04-06 09:46:36,233 INFO [root] [api_data.py(haierschool_data:43)] - 获取haierschool数据
2023-04-06 09:46:36,258 INFO [root] [api_data.py(haierschool_data:43)] - 获取haierschool数据
2023-04-06 09:46:36,278 INFO [root] [api_data.py(haierschool_data:43)] - 获取haierschool数据
2023-04-06 09:46:36,289 INFO [root] [api_data.py(haierschool_data:43)] - 获取haierschool数据
2023-04-06 09:46:36,303 INFO [root] [api_data.py(haierschool_data:43)] - 获取haierschool数据
2023-04-06 09:46:36,345 INFO [root] [api_data.py(haierschool_data:43)] - 获取haierschool数据
2023-04-06 09:46:36,375 INFO [root] [api_data.py(haierschool_data:43)] - 获取haierschool数据
2023-04-06 11:18:59,312 INFO [root] [api_data.py(haier_data:19)] - 获取haier数据
2023-04-06 11:18:59,320 INFO [root] [api_data.py(haier_data:19)] - 获取haier数据
2023-04-06 11:18:59,394 INFO [root] [api_data.py(haier_data:19)] - 获取haier数据
2023-04-06 11:18:59,428 INFO [root] [api_data.py(haier_data:19)] - 获取haier数据
2023-04-06 11:18:59,443 INFO [root] [api_data.py(haier_data:19)] - 获取haier数据
2023-04-06 11:18:59,479 INFO [root] [api_data.py(haier_data:19)] - 获取haier数据
2023-04-06 11:18:59,558 INFO [root] [api_data.py(haier_data:19)] - 获取haier数据
2023-04-06 11:18:59,559 INFO [root] [api_data.py(haier_data:19)] - 获取haier数据
2023-04-06 11:19:01,195 INFO [root] [api_data.py(leader_data:25)] - 获取leader数据
2023-04-06 11:19:01,216 INFO [root] [api_data.py(leader_data:25)] - 获取leader数据
2023-04-06 11:19:01,233 INFO [root] [api_data.py(leader_data:25)] - 获取leader数据
2023-04-06 11:19:01,245 INFO [root] [api_data.py(leader_data:25)] - 获取leader数据
2023-04-06 11:19:01,246 INFO [root] [api_data.py(leader_data:25)] - 获取leader数据
2023-04-06 11:19:01,254 INFO [root] [api_data.py(leader_data:25)] - 获取leader数据
2023-04-06 11:19:01,268 INFO [root] [api_data.py(leader_data:25)] - 获取leader数据
2023-04-06 11:19:01,290 INFO [root] [api_data.py(leader_data:25)] - 获取leader数据
2023-04-06 11:19:01,823 INFO [root] [api_data.py(casarte_data:31)] - 获取casarte数据
2023-04-06 11:19:01,884 INFO [root] [api_data.py(casarte_data:31)] - 获取casarte数据
2023-04-06 11:19:01,901 INFO [root] [api_data.py(casarte_data:31)] - 获取casarte数据
2023-04-06 11:19:01,914 INFO [root] [api_data.py(casarte_data:31)] - 获取casarte数据
2023-04-06 11:19:01,916 INFO [root] [api_data.py(casarte_data:31)] - 获取casarte数据
2023-04-06 11:19:01,919 INFO [root] [api_data.py(casarte_data:31)] - 获取casarte数据
2023-04-06 11:19:01,960 INFO [root] [api_data.py(geappliances_data:37)] - 获取geappliances数据
2023-04-06 11:19:01,961 INFO [root] [api_data.py(casarte_data:31)] - 获取casarte数据
2023-04-06 11:19:01,966 INFO [root] [api_data.py(geappliances_data:37)] - 获取geappliances数据
2023-04-06 11:19:01,975 INFO [root] [api_data.py(geappliances_data:37)] - 获取geappliances数据
2023-04-06 11:19:01,985 INFO [root] [api_data.py(casarte_data:31)] - 获取casarte数据
2023-04-06 11:19:01,995 INFO [root] [api_data.py(geappliances_data:37)] - 获取geappliances数据
2023-04-06 11:19:01,995 INFO [root] [api_data.py(geappliances_data:37)] - 获取geappliances数据
2023-04-06 11:19:01,997 INFO [root] [api_data.py(geappliances_data:37)] - 获取geappliances数据
2023-04-06 11:19:01,997 INFO [root] [api_data.py(geappliances_data:37)] - 获取geappliances数据
2023-04-06 11:19:02,036 INFO [root] [api_data.py(geappliances_data:37)] - 获取geappliances数据
2023-04-06 11:19:02,469 INFO [root] [api_data.py(haierschool_data:43)] - 获取haierschool数据
2023-04-06 11:19:02,491 INFO [root] [api_data.py(haierschool_data:43)] - 获取haierschool数据
2023-04-06 11:19:02,530 INFO [root] [api_data.py(haierschool_data:43)] - 获取haierschool数据
2023-04-06 11:19:02,531 INFO [root] [api_data.py(haierschool_data:43)] - 获取haierschool数据
2023-04-06 11:19:02,583 INFO [root] [api_data.py(haierschool_data:43)] - 获取haierschool数据
2023-04-06 11:19:02,588 INFO [root] [api_data.py(haierschool_data:43)] - 获取haierschool数据
2023-04-06 11:19:02,603 INFO [root] [api_data.py(haierschool_data:43)] - 获取haierschool数据
2023-04-06 11:19:02,669 INFO [root] [api_data.py(haierschool_data:43)] - 获取haierschool数据
